[debug] [2017-07-11T14:41:25.374Z] ----------------------------------------------------------------------
[debug] [2017-07-11T14:41:25.377Z] Command:      /usr/local/bin/node /usr/local/bin/firebase deploy
[debug] [2017-07-11T14:41:25.377Z] CLI Version:  3.9.1
[debug] [2017-07-11T14:41:25.377Z] Platform:     darwin
[debug] [2017-07-11T14:41:25.377Z] Node Version: v8.0.0
[debug] [2017-07-11T14:41:25.378Z] Time:         Tue Jul 11 2017 16:41:25 GMT+0200 (CEST)
[debug] [2017-07-11T14:41:25.378Z] ----------------------------------------------------------------------
[debug] 
[debug] [2017-07-11T14:41:25.395Z] > command requires scopes: ["email","openid","https://www.googleapis.com/auth/cloudplatformprojects.readonly","https://www.googleapis.com/auth/firebase","https://www.googleapis.com/auth/cloud-platform"]
[debug] [2017-07-11T14:41:25.395Z] > authorizing via signed-in user
[debug] [2017-07-11T14:41:25.398Z] >>> HTTP REQUEST GET https://admin.firebase.com/v1/projects/delidoku-b2ece  
 Tue Jul 11 2017 16:41:25 GMT+0200 (CEST)
[debug] [2017-07-11T14:41:26.919Z] <<< HTTP RESPONSE 200
[debug] [2017-07-11T14:41:26.921Z] >>> HTTP REQUEST GET https://admin.firebase.com/v1/database/delidoku-b2ece/tokens  
 Tue Jul 11 2017 16:41:26 GMT+0200 (CEST)
[debug] [2017-07-11T14:41:27.729Z] <<< HTTP RESPONSE 200
[info] 
[info] === Deploying to 'delidoku-b2ece'...
[info] 
[info] i  deploying hosting
[info] i  hosting: preparing dist directory for upload...
[debug] [2017-07-11T14:41:29.975Z] >>> HTTP REQUEST PUT https://deploy.firebase.com/v1/hosting/delidoku-b2ece/uploads/-Kom5Fy3TPSxKEBv4bRh?fileCount=18&message=  
 Tue Jul 11 2017 16:41:29 GMT+0200 (CEST)
[debug] [2017-07-11T14:41:34.924Z] <<< HTTP RESPONSE 200
[debug] [2017-07-11T14:41:34.925Z] [hosting] .tgz uploaded successfully, waiting for extraction
